current directory: /Users/onohiroshisei/Study/個人開発/rails-app/vender/bundle/ruby/2.7.0/gems/msgpack-1.5.1/ext/msgpack
/Users/onohiroshisei/.rbenv/versions/2.7.0/bin/ruby -I /Users/onohiroshisei/.rbenv/versions/2.7.0/lib/ruby/site_ruby/2.7.0 -r ./siteconf20220504-47824-p04b58.rb extconf.rb
checking for ruby/st.h... yes
checking for st.h... yes
checking for rb_enc_interned_str() in ruby.h... no
creating Makefile

current directory: /Users/onohiroshisei/Study/個人開発/rails-app/vender/bundle/ruby/2.7.0/gems/msgpack-1.5.1/ext/msgpack
make DESTDIR\= clean

current directory: /Users/onohiroshisei/Study/個人開発/rails-app/vender/bundle/ruby/2.7.0/gems/msgpack-1.5.1/ext/msgpack
make DESTDIR\=
compiling buffer.c
compiling buffer_class.c
compiling extension_value_class.c
compiling factory_class.c
compiling packer.c
compiling packer_class.c
compiling packer_ext_registry.c
compiling rbinit.c
compiling rmem.c
compiling unpacker.c
compiling unpacker_class.c
compiling unpacker_ext_registry.c
linking shared-object msgpack/msgpack.bundle

current directory: /Users/onohiroshisei/Study/個人開発/rails-app/vender/bundle/ruby/2.7.0/gems/msgpack-1.5.1/ext/msgpack
make DESTDIR\= install
/usr/bin/install -c -m 0755 msgpack.bundle ./.gem.20220504-47824-1cpdx73/msgpack
